#
# There is insufficient memory for the Java Runtime Environment to continue.
# Native memory allocation (mmap) failed to map 199229440 bytes for G1 virtual space
# Possible reasons:
#   The system is out of physical RAM or swap space
#   The process is running with CompressedOops enabled, and the Java Heap may be blocking the growth of the native heap
# Possible solutions:
#   Reduce memory load on the system
#   Increase physical memory or swap space
#   Check if swap backing store is full
#   Decrease Java heap size (-Xmx/-Xms)
#   Decrease number of Java threads
#   Decrease Java thread stack sizes (-Xss)
#   Set larger code cache with -XX:ReservedCodeCacheSize=
#   JVM is running with Zero Based Compressed Oops mode in which the Java heap is
#     placed in the first 32GB address space. The Java Heap base address is the
#     maximum limit for the native heap growth. Please use -XX:HeapBaseMinAddress
#     to set the Java Heap base and to place the Java Heap above 32GB virtual address.
# This output file may be truncated or incomplete.
#
#  Out of Memory Error (os_windows.cpp:3760), pid=14196, tid=19068
#
# JRE version:  (17.0.5+1) (build )
# Java VM: OpenJDK 64-Bit Server VM (17.0.5+1-b653.23, mixed mode, sharing, tiered, compressed oops, compressed class ptrs, g1 gc, windows-amd64)
# No core dump will be written. Minidumps are not enabled by default on client versions of Windows
#

---------------  S U M M A R Y ------------

Command Line: git4idea.http.GitAskPassApp Username for 'https://github.com': 

Host: Intel(R) Celeron(R) CPU 5205U @ 1.90GHz, 2 cores, 11G,  Windows 11 , 64 bit Build 22621 (10.0.22621.1928)
Time: Thu Jul 13 15:31:44 2023 Hora oficial do Brasil elapsed time: 0.118954 seconds (0d 0h 0m 0s)

---------------  T H R E A D  ---------------

Current thread (0x000001cf2192d410):  JavaThread "Unknown thread" [_thread_in_vm, id=19068, stack(0x0000009247a00000,0x0000009247b00000)]

Stack: [0x0000009247a00000,0x0000009247b00000]
Native frames: (J=compiled Java code, j=interpreted, Vv=VM code, C=native code)
V  [jvm.dll+0x6830ca]
V  [jvm.dll+0x83f4c4]
V  [jvm.dll+0x840c6e]
V  [jvm.dll+0x8412d3]
V  [jvm.dll+0x2490b5]
V  [jvm.dll+0x67ff99]
V  [jvm.dll+0x6744aa]
V  [jvm.dll+0x308f2b]
V  [jvm.dll+0x3103e6]
V  [jvm.dll+0x36013e]
V  [jvm.dll+0x36036f]
V  [jvm.dll+0x2df018]
V  [jvm.dll+0x2dff84]
V  [jvm.dll+0x810d91]
V  [jvm.dll+0x36df31]
V  [jvm.dll+0x7f028c]
V  [jvm.dll+0x3f0cbf]
V  [jvm.dll+0x3f2801]
C  [jli.dll+0x526b]
C  [ucrtbase.dll+0x29363]
C  [KERNEL32.DLL+0x126ad]
C  [ntdll.dll+0x5aa68]


---------------  P R O C E S S  ---------------

Threads class SMR info:
_java_thread_list=0x00007ffd18e08f98, length=0, elements={
}

Java Threads: ( => current thread )

Other Threads:
  0x000001cf21983390 GCTaskThread "GC Thread#0" [stack: 0x0000009247b00000,0x0000009247c00000] [id=2084]
  0x000001cf219ad110 ConcurrentGCThread "G1 Main Marker" [stack: 0x0000009247c00000,0x0000009247d00000] [id=17820]
  0x000001cf219af080 ConcurrentGCThread "G1 Conc#0" [stack: 0x0000009247d00000,0x0000009247e00000] [id=13860]

[error occurred during error reporting (printing all threads), id 0xc0000005, EXCEPTION_ACCESS_VIOLATION (0xc0000005) at pc=0x00007ffd185bfbd7]

VM state: not at safepoint (not fully initialized)

VM Mutex/Monitor currently owned by a thread:  ([mutex/lock_event])
[0x000001cf21927900] Heap_lock - owner thread: 0x000001cf2192d410

Heap address: 0x0000000742e00000, size: 3026 MB, Compressed Oops mode: Zero based, Oop shift amount: 3

CDS archive(s) mapped at: [0x0000000000000000-0x0000000000000000-0x0000000000000000), size 0, SharedBaseAddress: 0x0000000800000000, ArchiveRelocationMode: 0.
Narrow klass base: 0x0000000000000000, Narrow klass shift: 0, Narrow klass range: 0x0

GC Precious Log:
<Empty>

Heap:
 garbage-first heap   total 0K, used 0K [0x0000000742e00000, 0x0000000800000000)
  region size 2048K, 0 young (0K), 0 survivors (0K)

[error occurred during error reporting (printing heap information), id 0xc0000005, EXCEPTION_ACCESS_VIOLATION (0xc0000005) at pc=0x00007ffd189acd59]

GC Heap History (0 events):
No events

Dll operation events (1 events):
Event: 0.029 Loaded shared library C:\Program Files\JetBrains\IntelliJ IDEA Community Edition 2022.3.1\jbr\bin\java.dll

Deoptimization events (0 events):
No events

Classes unloaded (0 events):
No events

Classes redefined (0 events):
No events

Internal exceptions (0 events):
No events

VM Operations (0 events):
No events

Events (0 events):
No events


Dynamic libraries:
0x00007ff636650000 - 0x00007ff63665a000 	C:\Program Files\JetBrains\IntelliJ IDEA Community Edition 2022.3.1\jbr\bin\java.exe
0x00007ffd77310000 - 0x00007ffd77524000 	C:\WINDOWS\SYSTEM32\ntdll.dll
0x00007ffd76740000 - 0x00007ffd76802000 	C:\WINDOWS\System32\KERNEL32.DLL
0x00007ffd749d0000 - 0x00007ffd74d73000 	C:\WINDOWS\System32\KERNELBASE.dll
0x00007ffd74710000 - 0x00007ffd74821000 	C:\WINDOWS\System32\ucrtbase.dll
0x00007ffd220a0000 - 0x00007ffd220b7000 	C:\Program Files\JetBrains\IntelliJ IDEA Community Edition 2022.3.1\jbr\bin\jli.dll
0x00007ffd645b0000 - 0x00007ffd645cb000 	C:\Program Files\JetBrains\IntelliJ IDEA Community Edition 2022.3.1\jbr\bin\VCRUNTIME140.dll
0x00007ffd76360000 - 0x00007ffd7650a000 	C:\WINDOWS\System32\USER32.dll
0x00007ffd749a0000 - 0x00007ffd749c6000 	C:\WINDOWS\System32\win32u.dll
0x00007ffd76bb0000 - 0x00007ffd76bd9000 	C:\WINDOWS\System32\GDI32.dll
0x00007ffd74f50000 - 0x00007ffd75069000 	C:\WINDOWS\System32\gdi32full.dll
0x00007ffd74e40000 - 0x00007ffd74eda000 	C:\WINDOWS\System32\msvcp_win.dll
0x00007ffd63b80000 - 0x00007ffd63e0e000 	C:\WINDOWS\WinSxS\amd64_microsoft.windows.common-controls_6595b64144ccf1df_6.0.22621.1635_none_270f70857386168e\COMCTL32.dll
0x00007ffd76aa0000 - 0x00007ffd76b47000 	C:\WINDOWS\System32\msvcrt.dll
0x00007ffd76870000 - 0x00007ffd768a1000 	C:\WINDOWS\System32\IMM32.DLL
0x00007ffd71ce0000 - 0x00007ffd71cec000 	C:\Program Files\JetBrains\IntelliJ IDEA Community Edition 2022.3.1\jbr\bin\vcruntime140_1.dll
0x00007ffd2a100000 - 0x00007ffd2a18d000 	C:\Program Files\JetBrains\IntelliJ IDEA Community Edition 2022.3.1\jbr\bin\msvcp140.dll
0x00007ffd182d0000 - 0x00007ffd18f3b000 	C:\Program Files\JetBrains\IntelliJ IDEA Community Edition 2022.3.1\jbr\bin\server\jvm.dll
0x00007ffd76560000 - 0x00007ffd7660e000 	C:\WINDOWS\System32\ADVAPI32.dll
0x00007ffd77060000 - 0x00007ffd77104000 	C:\WINDOWS\System32\sechost.dll
0x00007ffd750f0000 - 0x00007ffd75207000 	C:\WINDOWS\System32\RPCRT4.dll
0x00007ffd645a0000 - 0x00007ffd645a9000 	C:\WINDOWS\SYSTEM32\WSOCK32.dll
0x00007ffd75f10000 - 0x00007ffd75f81000 	C:\WINDOWS\System32\WS2_32.dll
0x00007ffd57620000 - 0x00007ffd57654000 	C:\WINDOWS\SYSTEM32\WINMM.dll
0x00007ffd68f70000 - 0x00007ffd68f7a000 	C:\WINDOWS\SYSTEM32\VERSION.dll
0x00007ffd73800000 - 0x00007ffd73818000 	C:\WINDOWS\SYSTEM32\kernel.appcore.dll
0x00007ffd63a80000 - 0x00007ffd63a8a000 	C:\Program Files\JetBrains\IntelliJ IDEA Community Edition 2022.3.1\jbr\bin\jimage.dll
0x00007ffd72260000 - 0x00007ffd7248e000 	C:\WINDOWS\SYSTEM32\DBGHELP.DLL
0x00007ffd75b80000 - 0x00007ffd75f09000 	C:\WINDOWS\System32\combase.dll
0x00007ffd76930000 - 0x00007ffd76a07000 	C:\WINDOWS\System32\OLEAUT32.dll
0x00007ffd69b40000 - 0x00007ffd69b72000 	C:\WINDOWS\SYSTEM32\dbgcore.DLL
0x00007ffd75070000 - 0x00007ffd750ea000 	C:\WINDOWS\System32\bcryptPrimitives.dll
0x00007ffd2a030000 - 0x00007ffd2a055000 	C:\Program Files\JetBrains\IntelliJ IDEA Community Edition 2022.3.1\jbr\bin\java.dll

dbghelp: loaded successfully - version: 4.0.5 - missing functions: none
symbol engine: initialized successfully - sym options: 0x614 - pdb path: .;C:\Program Files\JetBrains\IntelliJ IDEA Community Edition 2022.3.1\jbr\bin;C:\WINDOWS\SYSTEM32;C:\WINDOWS\WinSxS\amd64_microsoft.windows.common-controls_6595b64144ccf1df_6.0.22621.1635_none_270f70857386168e;C:\Program Files\JetBrains\IntelliJ IDEA Community Edition 2022.3.1\jbr\bin\server

VM Arguments:
java_command: git4idea.http.GitAskPassApp Username for 'https://github.com': 
java_class_path (initial): C:/Program Files/JetBrains/IntelliJ IDEA Community Edition 2022.3.1/plugins/vcs-git/lib/git4idea-rt.jar;C:/Program Files/JetBrains/IntelliJ IDEA Community Edition 2022.3.1/lib/externalProcess-rt.jar;C:/Program Files/JetBrains/IntelliJ IDEA Community Edition 2022.3.1/lib/app.jar;C:/Program Files/JetBrains/IntelliJ IDEA Community Edition 2022.3.1/lib/3rd-party-rt.jar
Launcher Type: SUN_STANDARD

[Global flags]
     intx CICompilerCount                          = 2                                         {product} {ergonomic}
     uint ConcGCThreads                            = 1                                         {product} {ergonomic}
     uint G1ConcRefinementThreads                  = 2                                         {product} {ergonomic}
   size_t G1HeapRegionSize                         = 2097152                                   {product} {ergonomic}
    uintx GCDrainStackTargetSize                   = 64                                        {product} {ergonomic}
   size_t InitialHeapSize                          = 199229440                                 {product} {ergonomic}
   size_t MarkStackSize                            = 4194304                                   {product} {ergonomic}
   size_t MaxHeapSize                              = 3172990976                                {product} {ergonomic}
   size_t MinHeapDeltaBytes                        = 2097152                                   {product} {ergonomic}
   size_t MinHeapSize                              = 8388608                                   {product} {ergonomic}
    uintx NonNMethodCodeHeapSize                   = 5826188                                {pd product} {ergonomic}
    uintx NonProfiledCodeHeapSize                  = 122916026                              {pd product} {ergonomic}
    uintx ProfiledCodeHeapSize                     = 122916026                              {pd product} {ergonomic}
    uintx ReservedCodeCacheSize                    = 251658240                              {pd product} {ergonomic}
     bool SegmentedCodeCache                       = true                                      {product} {ergonomic}
   size_t SoftMaxHeapSize                          = 3172990976                             {manageable} {ergonomic}
     bool UseCompressedClassPointers               = true                           {product lp64_product} {ergonomic}
     bool UseCompressedOops                        = true                           {product lp64_product} {ergonomic}
     bool UseG1GC                                  = true                                      {product} {ergonomic}
     bool UseLargePagesIndividualAllocation        = false                                  {pd product} {ergonomic}

Logging:
Log output configuration:
 #0: stdout all=warning uptime,level,tags
 #1: stderr all=off uptime,level,tags

Environment Variables:
JAVA_HOME=C:\Program Files\Java\jdk-17.0.1
PATH=C:\Users\brupe\AppData\Local\Programs\Git\mingw64\libexec\git-core;C:\Users\brupe\AppData\Local\Programs\Git\mingw64\libexec\git-core;C:\Users\brupe\AppData\Local\Programs\Git\mingw64\bin;C:\Users\brupe\AppData\Local\Programs\Git\usr\bin;C:\Users\brupe\bin;C:\Program Files\Common Files\Oracle\Java\javapath;C:\Program Files\Java\jdk-17.0.1\bin;C:\Program Files\Java\jdk-16.0.1\bin;C:\src\flutter\bin;C:\src\dart-sdk\bin;C:\WINDOWS\system32;C:\WINDOWS;C:\WINDOWS\System32\Wbem;C:\WINDOWS\System32\WindowsPowerShell\v1.0;C:\WINDOWS\System32\OpenSSH;C:\BCC101\bin;C:\src\sdk\tools;C:\src\sdk\emulator;C:\src\sdk\tools\bin;C:\src\sdk\platform-tools;C:\Program Files\Docker\Docker\resources\bin;C:\Users\brupe\AppData\Local\Microsoft\WindowsApps;C:\Users\brupe\AppData\Local\Programs\Git\cmd;C:\Users\brupe\AppData\Local\Programs\Microsoft VS Code\bin;C:\Program Files\Java\jdk-17.0.1\bin;C:\src\flutter\bin;C:\src\dart-sdk\bin;C:\src\sdk\tools;C:\src\sdk\emulator;C:\src\sdk\tools\bin;C:\src\sdk\platform-tools;C:\Program Files\Java\jdk-16.0.1\bin
USERNAME=brupe
DISPLAY=:0.0
LC_ALL=en_US.UTF-8
TERM=xterm-256color
TMPDIR=C:\Users\brupe\AppData\Local\Temp
OS=Windows_NT
PROCESSOR_IDENTIFIER=Intel64 Family 6 Model 166 Stepping 0, GenuineIntel
TMP=C:\Users\brupe\AppData\Local\Temp
TEMP=C:\Users\brupe\AppData\Local\Temp



---------------  S Y S T E M  ---------------

OS:
 Windows 11 , 64 bit Build 22621 (10.0.22621.1928)
OS uptime: 0 days 1:43 hours
Hyper-V role detected

CPU: total 2 (initial active 2) (2 cores per cpu, 1 threads per core) family 6 model 166 stepping 0 microcode 0xe0, cx8, cmov, fxsr, mmx, 3dnowpref, sse, sse2, sse3, ssse3, sse4.1, sse4.2, popcnt, lzcnt, tsc, tscinvbit, aes, erms, clmul, clflush, clflushopt, hv

Memory: 4k page, system-wide physical 12102M (526M free)
TotalPageFile size 16102M (AvailPageFile size 170M)
current process WorkingSet (physical memory assigned to process): 10M, peak: 10M
current process commit charge ("private bytes"): 47M, peak: 237M

vm_info: OpenJDK 64-Bit Server VM (17.0.5+1-b653.23) for windows-amd64 JRE (17.0.5+1-b653.23), built on 2022-12-12 by "builduser" with MS VC++ 16.10 / 16.11 (VS2019)

END.
