#
# A fatal error has been detected by the Java Runtime Environment:
#
#  EXCEPTION_UNCAUGHT_CXX_EXCEPTION (0xe06d7363) at pc=0x00007ffac358536c, pid=20636, tid=12676
#
# JRE version:  (17.0.5+1) (build )
# Java VM: OpenJDK 64-Bit Server VM (17.0.5+1-b653.23, mixed mode, tiered, compressed oops, compressed class ptrs, g1 gc, windows-amd64)
# Problematic frame:
# C  [KERNELBASE.dll+0x6536c]
#
# No core dump will be written. Minidumps are not enabled by default on client versions of Windows
#
#

---------------  S U M M A R Y ------------

Command Line: git4idea.http.GitAskPassApp Username for 'https://github.com': 

Host: Intel(R) Celeron(R) CPU 5205U @ 1.90GHz, 2 cores, 11G,  Windows 11 , 64 bit Build 22621 (10.0.22621.1778)
Time: Thu Jul 13 13:10:37 2023 Hora oficial do Brasil elapsed time: 0.139795 seconds (0d 0h 0m 0s)

---------------  T H R E A D  ---------------

Current thread (0x00000259c96abc20):  JavaThread "Unknown thread" [_thread_in_vm, id=12676, stack(0x0000008304200000,0x0000008304300000)]

Stack: [0x0000008304200000,0x0000008304300000],  sp=0x00000083042fe9f0,  free space=1018k
Native frames: (J=compiled Java code, j=interpreted, Vv=VM code, C=native code)
C  [KERNELBASE.dll+0x6536c]
C  [VCRUNTIME140.dll+0x6480]
C  [jimage.dll+0x32a3]
C  [jimage.dll+0x2a1d]
C  [jimage.dll+0x145b]
C  [jimage.dll+0x1e9f]
C  [jimage.dll+0x1f36]
C  [jimage.dll+0x266e]
V  [jvm.dll+0x1f50dd]
V  [jvm.dll+0x1f3c12]
V  [jvm.dll+0x7b949b]
V  [jvm.dll+0x7ba8e2]
V  [jvm.dll+0x7bac18]
V  [jvm.dll+0x83dc0f]
V  [jvm.dll+0x83d86f]
V  [jvm.dll+0x80f4b4]
V  [jvm.dll+0x810cbd]
V  [jvm.dll+0x36df61]
V  [jvm.dll+0x7f028c]
V  [jvm.dll+0x3f0cbf]
V  [jvm.dll+0x3f2801]
C  [jli.dll+0x526b]
C  [ucrtbase.dll+0x29363]
C  [KERNEL32.DLL+0x126ad]
C  [ntdll.dll+0x5a9f8]


siginfo: EXCEPTION_UNCAUGHT_CXX_EXCEPTION (0xe06d7363), ExceptionInformation=0x0000000019930520 0x00000083042feb50 0x00007ffabab75198 0x00007ffabab70000 


Registers:
RAX=0x0000000000000000, RBX=0x00007ffabab75198, RCX=0x0000000000000000, RDX=0x0000000000000010
RSP=0x00000083042fe9f0, RBP=0x00000083042fec80, RSI=0x00000083042feb50, RDI=0x0000000019930520
R8 =0x00000083042fe439, R9 =0x00000259c9570000, R10=0x00007ffac60ec7aa, R11=0x00000259c93c0000
R12=0x000000000000b9fd, R13=0x00000259c96ac100, R14=0x00000259e6e2cc40, R15=0x00000259e6e2cc40
RIP=0x00007ffac358536c, EFLAGS=0x0000000000000206

Top of Stack: (sp=0x00000083042fe9f0)
0x00000083042fe9f0:   00000259c9570000 00007ffabab75198
0x00000083042fea00:   00000083042feb50 0000000000000398
0x00000083042fea10:   00000081e06d7363 0000000000000000
0x00000083042fea20:   00007ffac358536c 0000000000000004
0x00000083042fea30:   0000000019930520 00000083042feb50
0x00000083042fea40:   00007ffabab75198 00007ffabab70000
0x00000083042fea50:   0000025900000000 0000000000000002
0x00000083042fea60:   0000000000000000 00007ffabab75198
0x00000083042fea70:   00000259e6e2cc40 00007ffac612655f
0x00000083042fea80:   00000083042feaf0 00007ffabab77000
0x00000083042fea90:   00000083042feb50 0000000019930520
0x00000083042feaa0:   00007ffabab77000 00007ffabab70000
0x00000083042feab0:   0000f3030d8f39be 00007ffac354433b
0x00000083042feac0:   00007ffabab75198 00007ffa9d556480
0x00000083042fead0:   00007ee842911df7 00000000d74c954f
0x00000083042feae0:   0000000000000008 00007ffac3c700b5 

Instructions: (pc=0x00007ffac358536c)
0x00007ffac358526c:   ff 4c 8d 05 1c 3e 2c 00 33 d2 b9 00 00 10 00 e8
0x00007ffac358527c:   b0 98 fd ff 4c 8b f0 48 89 44 24 58 48 85 c0 0f
0x00007ffac358528c:   84 0b fe ff ff 4c 8d 05 40 3e 2c 00 33 d2 8d 4a
0x00007ffac358529c:   02 e8 8e 98 fd ff 48 8b f8 48 89 44 24 50 e9 ed
0x00007ffac35852ac:   fd ff ff 45 33 c0 49 8b d7 48 83 c9 ff e8 c2 64
0x00007ffac35852bc:   01 00 e9 08 ff ff ff 48 8b 0d 26 19 2f 00 e8 f1
0x00007ffac35852cc:   16 fd ff 48 8b cf e8 a9 f0 fb ff e9 f8 fe ff ff
0x00007ffac35852dc:   49 8b ce e8 9c f0 fb ff e9 f4 fe ff ff 48 8b ce
0x00007ffac35852ec:   e8 8f f0 fb ff e9 f0 fe ff ff cc cc 71 18 d3 7a
0x00007ffac35852fc:   1a 87 89 f9 48 81 ec d8 00 00 00 48 8b 05 72 ec
0x00007ffac358530c:   2e 00 48 33 c4 48 89 84 24 c0 00 00 00 48 83 64
0x00007ffac358531c:   24 28 00 48 8d 05 da ff ff ff 83 e2 01 89 4c 24
0x00007ffac358532c:   20 89 54 24 24 48 89 44 24 30 4d 85 c9 74 4f b8
0x00007ffac358533c:   0f 00 00 00 48 8d 4c 24 40 44 3b c0 49 8b d1 41
0x00007ffac358534c:   0f 46 c0 44 8b c0 44 89 44 24 38 49 c1 e0 03 e8
0x00007ffac358535c:   f7 d0 05 00 48 8d 4c 24 20 48 ff 15 14 9c 1f 00
0x00007ffac358536c:   0f 1f 44 00 00 48 8b 8c 24 c0 00 00 00 48 33 cc
0x00007ffac358537c:   e8 5f 29 05 00 48 81 c4 d8 00 00 00 c3 cc 83 64
0x00007ffac358538c:   24 38 00 eb cf cc cc cc cc cc cc cc 48 8b c4 48
0x00007ffac358539c:   89 58 08 48 89 70 10 48 89 78 18 4c 89 68 20 55
0x00007ffac35853ac:   41 56 41 57 48 8d 68 a1 48 81 ec e0 00 00 00 48
0x00007ffac35853bc:   8b 05 be eb 2e 00 48 33 c4 48 89 45 3f 45 33 ff
0x00007ffac35853cc:   66 c7 45 2b 00 05 48 8d 45 c7 44 89 7d 27 48 89
0x00007ffac35853dc:   44 24 50 48 8d 4d 27 44 89 7c 24 48 45 33 c9 44
0x00007ffac35853ec:   89 7c 24 40 45 8d 47 12 44 89 7c 24 38 b2 01 44
0x00007ffac35853fc:   89 7c 24 30 41 8b df 44 89 7c 24 28 41 8b ff 44
0x00007ffac358540c:   89 7c 24 20 45 8b f7 44 89 7d 2f 66 c7 45 33 00
0x00007ffac358541c:   01 44 89 7d 37 66 c7 45 3b 00 10 4c 89 7d c7 4c
0x00007ffac358542c:   89 7d cf 4c 89 7d d7 4c 89 7d df 48 ff 15 62 9c
0x00007ffac358543c:   1f 00 0f 1f 44 00 00 85 c0 0f 88 a7 02 00 00 48
0x00007ffac358544c:   8d 45 cf 41 b9 20 02 00 00 48 89 44 24 50 45 8d
0x00007ffac358545c:   6f 02 44 89 7c 24 48 45 8d 47 20 44 89 7c 24 40 



---------------  P R O C E S S  ---------------

Threads class SMR info:
_java_thread_list=0x00007ffa5e088f98, length=0, elements={
}

Java Threads: ( => current thread )

Other Threads:
  0x00000259c9701df0 GCTaskThread "GC Thread#0" [stack: 0x0000008304300000,0x0000008304400000] [id=20832]
  0x00000259c970ea40 ConcurrentGCThread "G1 Main Marker" [stack: 0x0000008304400000,0x0000008304500000] [id=34760]
  0x00000259c970f5b0 ConcurrentGCThread "G1 Conc#0" [stack: 0x0000008304500000,0x0000008304600000] [id=23088]
  0x00000259c9765cb0 ConcurrentGCThread "G1 Refine#0" [stack: 0x0000008304600000,0x0000008304700000] [id=26736]
  0x00000259e6cf0be0 ConcurrentGCThread "G1 Service" [stack: 0x0000008304700000,0x0000008304800000] [id=4376]

=>0x00000259c96abc20 (exited) JavaThread "Unknown thread" [_thread_in_vm, id=12676, stack(0x0000008304200000,0x0000008304300000)]

Threads with active compile tasks:

VM state: not at safepoint (not fully initialized)

VM Mutex/Monitor currently owned by a thread: None

Heap address: 0x0000000742e00000, size: 3026 MB, Compressed Oops mode: Zero based, Oop shift amount: 3

CDS archive(s) not mapped
Compressed class space mapped at: 0x0000000800000000-0x0000000840000000, reserved size: 1073741824
Narrow klass base: 0x0000000800000000, Narrow klass shift: 0, Narrow klass range: 0x40000000

GC Precious Log:
 CPUs: 2 total, 2 available
 Memory: 12102M
 Large Page Support: Disabled
 NUMA Support: Disabled
 Compressed Oops: Enabled (Zero based)
 Heap Region Size: 2M
 Heap Min Capacity: 8M
 Heap Initial Capacity: 190M
 Heap Max Capacity: 3026M
 Pre-touch: Disabled
 Parallel Workers: 2
 Concurrent Workers: 1
 Concurrent Refinement Workers: 2
 Periodic GC: Disabled

Heap:
 garbage-first heap   total 194560K, used 0K [0x0000000742e00000, 0x0000000800000000)
  region size 2048K, 0 young (0K), 0 survivors (0K)
 Metaspace       used 8K, committed 128K, reserved 1056768K
  class space    used 4K, committed 64K, reserved 1048576K

Heap Regions: E=young(eden), S=young(survivor), O=old, HS=humongous(starts), HC=humongous(continues), CS=collection set, F=free, OA=open archive, CA=closed archive, TAMS=top-at-mark-start (previous, next)
|   0|0x0000000742e00000, 0x0000000742e00000, 0x0000000743000000|  0%| F|  |TAMS 0x0000000742e00000, 0x0000000742e00000| Untracked 
|   1|0x0000000743000000, 0x0000000743000000, 0x0000000743200000|  0%| F|  |TAMS 0x0000000743000000, 0x0000000743000000| Untracked 
|   2|0x0000000743200000, 0x0000000743200000, 0x0000000743400000|  0%| F|  |TAMS 0x0000000743200000, 0x0000000743200000| Untracked 
|   3|0x0000000743400000, 0x0000000743400000, 0x0000000743600000|  0%| F|  |TAMS 0x0000000743400000, 0x0000000743400000| Untracked 
|   4|0x0000000743600000, 0x0000000743600000, 0x0000000743800000|  0%| F|  |TAMS 0x0000000743600000, 0x0000000743600000| Untracked 
|   5|0x0000000743800000, 0x0000000743800000, 0x0000000743a00000|  0%| F|  |TAMS 0x0000000743800000, 0x0000000743800000| Untracked 
|   6|0x0000000743a00000, 0x0000000743a00000, 0x0000000743c00000|  0%| F|  |TAMS 0x0000000743a00000, 0x0000000743a00000| Untracked 
|   7|0x0000000743c00000, 0x0000000743c00000, 0x0000000743e00000|  0%| F|  |TAMS 0x0000000743c00000, 0x0000000743c00000| Untracked 
|   8|0x0000000743e00000, 0x0000000743e00000, 0x0000000744000000|  0%| F|  |TAMS 0x0000000743e00000, 0x0000000743e00000| Untracked 
|   9|0x0000000744000000, 0x0000000744000000, 0x0000000744200000|  0%| F|  |TAMS 0x0000000744000000, 0x0000000744000000| Untracked 
|  10|0x0000000744200000, 0x0000000744200000, 0x0000000744400000|  0%| F|  |TAMS 0x0000000744200000, 0x0000000744200000| Untracked 
|  11|0x0000000744400000, 0x0000000744400000, 0x0000000744600000|  0%| F|  |TAMS 0x0000000744400000, 0x0000000744400000| Untracked 
|  12|0x0000000744600000, 0x0000000744600000, 0x0000000744800000|  0%| F|  |TAMS 0x0000000744600000, 0x0000000744600000| Untracked 
|  13|0x0000000744800000, 0x0000000744800000, 0x0000000744a00000|  0%| F|  |TAMS 0x0000000744800000, 0x0000000744800000| Untracked 
|  14|0x0000000744a00000, 0x0000000744a00000, 0x0000000744c00000|  0%| F|  |TAMS 0x0000000744a00000, 0x0000000744a00000| Untracked 
|  15|0x0000000744c00000, 0x0000000744c00000, 0x0000000744e00000|  0%| F|  |TAMS 0x0000000744c00000, 0x0000000744c00000| Untracked 
|  16|0x0000000744e00000, 0x0000000744e00000, 0x0000000745000000|  0%| F|  |TAMS 0x0000000744e00000, 0x0000000744e00000| Untracked 
|  17|0x0000000745000000, 0x0000000745000000, 0x0000000745200000|  0%| F|  |TAMS 0x0000000745000000, 0x0000000745000000| Untracked 
|  18|0x0000000745200000, 0x0000000745200000, 0x0000000745400000|  0%| F|  |TAMS 0x0000000745200000, 0x0000000745200000| Untracked 
|  19|0x0000000745400000, 0x0000000745400000, 0x0000000745600000|  0%| F|  |TAMS 0x0000000745400000, 0x0000000745400000| Untracked 
|  20|0x0000000745600000, 0x0000000745600000, 0x0000000745800000|  0%| F|  |TAMS 0x0000000745600000, 0x0000000745600000| Untracked 
|  21|0x0000000745800000, 0x0000000745800000, 0x0000000745a00000|  0%| F|  |TAMS 0x0000000745800000, 0x0000000745800000| Untracked 
|  22|0x0000000745a00000, 0x0000000745a00000, 0x0000000745c00000|  0%| F|  |TAMS 0x0000000745a00000, 0x0000000745a00000| Untracked 
|  23|0x0000000745c00000, 0x0000000745c00000, 0x0000000745e00000|  0%| F|  |TAMS 0x0000000745c00000, 0x0000000745c00000| Untracked 
|  24|0x0000000745e00000, 0x0000000745e00000, 0x0000000746000000|  0%| F|  |TAMS 0x0000000745e00000, 0x0000000745e00000| Untracked 
|  25|0x0000000746000000, 0x0000000746000000, 0x0000000746200000|  0%| F|  |TAMS 0x0000000746000000, 0x0000000746000000| Untracked 
|  26|0x0000000746200000, 0x0000000746200000, 0x0000000746400000|  0%| F|  |TAMS 0x0000000746200000, 0x0000000746200000| Untracked 
|  27|0x0000000746400000, 0x0000000746400000, 0x0000000746600000|  0%| F|  |TAMS 0x0000000746400000, 0x0000000746400000| Untracked 
|  28|0x0000000746600000, 0x0000000746600000, 0x0000000746800000|  0%| F|  |TAMS 0x0000000746600000, 0x0000000746600000| Untracked 
|  29|0x0000000746800000, 0x0000000746800000, 0x0000000746a00000|  0%| F|  |TAMS 0x0000000746800000, 0x0000000746800000| Untracked 
|  30|0x0000000746a00000, 0x0000000746a00000, 0x0000000746c00000|  0%| F|  |TAMS 0x0000000746a00000, 0x0000000746a00000| Untracked 
|  31|0x0000000746c00000, 0x0000000746c00000, 0x0000000746e00000|  0%| F|  |TAMS 0x0000000746c00000, 0x0000000746c00000| Untracked 
|  32|0x0000000746e00000, 0x0000000746e00000, 0x0000000747000000|  0%| F|  |TAMS 0x0000000746e00000, 0x0000000746e00000| Untracked 
|  33|0x0000000747000000, 0x0000000747000000, 0x0000000747200000|  0%| F|  |TAMS 0x0000000747000000, 0x0000000747000000| Untracked 
|  34|0x0000000747200000, 0x0000000747200000, 0x0000000747400000|  0%| F|  |TAMS 0x0000000747200000, 0x0000000747200000| Untracked 
|  35|0x0000000747400000, 0x0000000747400000, 0x0000000747600000|  0%| F|  |TAMS 0x0000000747400000, 0x0000000747400000| Untracked 
|  36|0x0000000747600000, 0x0000000747600000, 0x0000000747800000|  0%| F|  |TAMS 0x0000000747600000, 0x0000000747600000| Untracked 
|  37|0x0000000747800000, 0x0000000747800000, 0x0000000747a00000|  0%| F|  |TAMS 0x0000000747800000, 0x0000000747800000| Untracked 
|  38|0x0000000747a00000, 0x0000000747a00000, 0x0000000747c00000|  0%| F|  |TAMS 0x0000000747a00000, 0x0000000747a00000| Untracked 
|  39|0x0000000747c00000, 0x0000000747c00000, 0x0000000747e00000|  0%| F|  |TAMS 0x0000000747c00000, 0x0000000747c00000| Untracked 
|  40|0x0000000747e00000, 0x0000000747e00000, 0x0000000748000000|  0%| F|  |TAMS 0x0000000747e00000, 0x0000000747e00000| Untracked 
|  41|0x0000000748000000, 0x0000000748000000, 0x0000000748200000|  0%| F|  |TAMS 0x0000000748000000, 0x0000000748000000| Untracked 
|  42|0x0000000748200000, 0x0000000748200000, 0x0000000748400000|  0%| F|  |TAMS 0x0000000748200000, 0x0000000748200000| Untracked 
|  43|0x0000000748400000, 0x0000000748400000, 0x0000000748600000|  0%| F|  |TAMS 0x0000000748400000, 0x0000000748400000| Untracked 
|  44|0x0000000748600000, 0x0000000748600000, 0x0000000748800000|  0%| F|  |TAMS 0x0000000748600000, 0x0000000748600000| Untracked 
|  45|0x0000000748800000, 0x0000000748800000, 0x0000000748a00000|  0%| F|  |TAMS 0x0000000748800000, 0x0000000748800000| Untracked 
|  46|0x0000000748a00000, 0x0000000748a00000, 0x0000000748c00000|  0%| F|  |TAMS 0x0000000748a00000, 0x0000000748a00000| Untracked 
|  47|0x0000000748c00000, 0x0000000748c00000, 0x0000000748e00000|  0%| F|  |TAMS 0x0000000748c00000, 0x0000000748c00000| Untracked 
|  48|0x0000000748e00000, 0x0000000748e00000, 0x0000000749000000|  0%| F|  |TAMS 0x0000000748e00000, 0x0000000748e00000| Untracked 
|  49|0x0000000749000000, 0x0000000749000000, 0x0000000749200000|  0%| F|  |TAMS 0x0000000749000000, 0x0000000749000000| Untracked 
|  50|0x0000000749200000, 0x0000000749200000, 0x0000000749400000|  0%| F|  |TAMS 0x0000000749200000, 0x0000000749200000| Untracked 
|  51|0x0000000749400000, 0x0000000749400000, 0x0000000749600000|  0%| F|  |TAMS 0x0000000749400000, 0x0000000749400000| Untracked 
|  52|0x0000000749600000, 0x0000000749600000, 0x0000000749800000|  0%| F|  |TAMS 0x0000000749600000, 0x0000000749600000| Untracked 
|  53|0x0000000749800000, 0x0000000749800000, 0x0000000749a00000|  0%| F|  |TAMS 0x0000000749800000, 0x0000000749800000| Untracked 
|  54|0x0000000749a00000, 0x0000000749a00000, 0x0000000749c00000|  0%| F|  |TAMS 0x0000000749a00000, 0x0000000749a00000| Untracked 
|  55|0x0000000749c00000, 0x0000000749c00000, 0x0000000749e00000|  0%| F|  |TAMS 0x0000000749c00000, 0x0000000749c00000| Untracked 
|  56|0x0000000749e00000, 0x0000000749e00000, 0x000000074a000000|  0%| F|  |TAMS 0x0000000749e00000, 0x0000000749e00000| Untracked 
|  57|0x000000074a000000, 0x000000074a000000, 0x000000074a200000|  0%| F|  |TAMS 0x000000074a000000, 0x000000074a000000| Untracked 
|  58|0x000000074a200000, 0x000000074a200000, 0x000000074a400000|  0%| F|  |TAMS 0x000000074a200000, 0x000000074a200000| Untracked 
|  59|0x000000074a400000, 0x000000074a400000, 0x000000074a600000|  0%| F|  |TAMS 0x000000074a400000, 0x000000074a400000| Untracked 
|  60|0x000000074a600000, 0x000000074a600000, 0x000000074a800000|  0%| F|  |TAMS 0x000000074a600000, 0x000000074a600000| Untracked 
|  61|0x000000074a800000, 0x000000074a800000, 0x000000074aa00000|  0%| F|  |TAMS 0x000000074a800000, 0x000000074a800000| Untracked 
|  62|0x000000074aa00000, 0x000000074aa00000, 0x000000074ac00000|  0%| F|  |TAMS 0x000000074aa00000, 0x000000074aa00000| Untracked 
|  63|0x000000074ac00000, 0x000000074ac00000, 0x000000074ae00000|  0%| F|  |TAMS 0x000000074ac00000, 0x000000074ac00000| Untracked 
|  64|0x000000074ae00000, 0x000000074ae00000, 0x000000074b000000|  0%| F|  |TAMS 0x000000074ae00000, 0x000000074ae00000| Untracked 
|  65|0x000000074b000000, 0x000000074b000000, 0x000000074b200000|  0%| F|  |TAMS 0x000000074b000000, 0x000000074b000000| Untracked 
|  66|0x000000074b200000, 0x000000074b200000, 0x000000074b400000|  0%| F|  |TAMS 0x000000074b200000, 0x000000074b200000| Untracked 
|  67|0x000000074b400000, 0x000000074b400000, 0x000000074b600000|  0%| F|  |TAMS 0x000000074b400000, 0x000000074b400000| Untracked 
|  68|0x000000074b600000, 0x000000074b600000, 0x000000074b800000|  0%| F|  |TAMS 0x000000074b600000, 0x000000074b600000| Untracked 
|  69|0x000000074b800000, 0x000000074b800000, 0x000000074ba00000|  0%| F|  |TAMS 0x000000074b800000, 0x000000074b800000| Untracked 
|  70|0x000000074ba00000, 0x000000074ba00000, 0x000000074bc00000|  0%| F|  |TAMS 0x000000074ba00000, 0x000000074ba00000| Untracked 
|  71|0x000000074bc00000, 0x000000074bc00000, 0x000000074be00000|  0%| F|  |TAMS 0x000000074bc00000, 0x000000074bc00000| Untracked 
|  72|0x000000074be00000, 0x000000074be00000, 0x000000074c000000|  0%| F|  |TAMS 0x000000074be00000, 0x000000074be00000| Untracked 
|  73|0x000000074c000000, 0x000000074c000000, 0x000000074c200000|  0%| F|  |TAMS 0x000000074c000000, 0x000000074c000000| Untracked 
|  74|0x000000074c200000, 0x000000074c200000, 0x000000074c400000|  0%| F|  |TAMS 0x000000074c200000, 0x000000074c200000| Untracked 
|  75|0x000000074c400000, 0x000000074c400000, 0x000000074c600000|  0%| F|  |TAMS 0x000000074c400000, 0x000000074c400000| Untracked 
|  76|0x000000074c600000, 0x000000074c600000, 0x000000074c800000|  0%| F|  |TAMS 0x000000074c600000, 0x000000074c600000| Untracked 
|  77|0x000000074c800000, 0x000000074c800000, 0x000000074ca00000|  0%| F|  |TAMS 0x000000074c800000, 0x000000074c800000| Untracked 
|  78|0x000000074ca00000, 0x000000074ca00000, 0x000000074cc00000|  0%| F|  |TAMS 0x000000074ca00000, 0x000000074ca00000| Untracked 
|  79|0x000000074cc00000, 0x000000074cc00000, 0x000000074ce00000|  0%| F|  |TAMS 0x000000074cc00000, 0x000000074cc00000| Untracked 
|  80|0x000000074ce00000, 0x000000074ce00000, 0x000000074d000000|  0%| F|  |TAMS 0x000000074ce00000, 0x000000074ce00000| Untracked 
|  81|0x000000074d000000, 0x000000074d000000, 0x000000074d200000|  0%| F|  |TAMS 0x000000074d000000, 0x000000074d000000| Untracked 
|  82|0x000000074d200000, 0x000000074d200000, 0x000000074d400000|  0%| F|  |TAMS 0x000000074d200000, 0x000000074d200000| Untracked 
|  83|0x000000074d400000, 0x000000074d400000, 0x000000074d600000|  0%| F|  |TAMS 0x000000074d400000, 0x000000074d400000| Untracked 
|  84|0x000000074d600000, 0x000000074d600000, 0x000000074d800000|  0%| F|  |TAMS 0x000000074d600000, 0x000000074d600000| Untracked 
|  85|0x000000074d800000, 0x000000074d800000, 0x000000074da00000|  0%| F|  |TAMS 0x000000074d800000, 0x000000074d800000| Untracked 
|  86|0x000000074da00000, 0x000000074da00000, 0x000000074dc00000|  0%| F|  |TAMS 0x000000074da00000, 0x000000074da00000| Untracked 
|  87|0x000000074dc00000, 0x000000074dc00000, 0x000000074de00000|  0%| F|  |TAMS 0x000000074dc00000, 0x000000074dc00000| Untracked 
|  88|0x000000074de00000, 0x000000074de00000, 0x000000074e000000|  0%| F|  |TAMS 0x000000074de00000, 0x000000074de00000| Untracked 
|  89|0x000000074e000000, 0x000000074e000000, 0x000000074e200000|  0%| F|  |TAMS 0x000000074e000000, 0x000000074e000000| Untracked 
|  90|0x000000074e200000, 0x000000074e200000, 0x000000074e400000|  0%| F|  |TAMS 0x000000074e200000, 0x000000074e200000| Untracked 
|  91|0x000000074e400000, 0x000000074e400000, 0x000000074e600000|  0%| F|  |TAMS 0x000000074e400000, 0x000000074e400000| Untracked 
|  92|0x000000074e600000, 0x000000074e600000, 0x000000074e800000|  0%| F|  |TAMS 0x000000074e600000, 0x000000074e600000| Untracked 
|  93|0x000000074e800000, 0x000000074e800000, 0x000000074ea00000|  0%| F|  |TAMS 0x000000074e800000, 0x000000074e800000| Untracked 
|  94|0x000000074ea00000, 0x000000074ea00000, 0x000000074ec00000|  0%| F|  |TAMS 0x000000074ea00000, 0x000000074ea00000| Untracked 

Card table byte_map: [0x00000259ddfd0000,0x00000259de5c0000] _byte_map_base: 0x00000259da5b9000

Marking Bits (Prev, Next): (CMBitMap*) 0x00000259c9702400, (CMBitMap*) 0x00000259c9702440
 Prev Bits: [0x00000259debb0000, 0x00000259e1af8000)
 Next Bits: [0x00000259e1b00000, 0x00000259e4a48000)

GC Heap History (0 events):
No events

Dll operation events (1 events):
Event: 0.022 Loaded shared library C:\Program Files\JetBrains\IntelliJ IDEA Community Edition 2022.3.1\jbr\bin\java.dll

Deoptimization events (0 events):
No events

Classes unloaded (0 events):
No events

Classes redefined (0 events):
No events

Internal exceptions (0 events):
No events

VM Operations (0 events):
No events

Events (3 events):
Event: 0.033 loading class java/lang/Object
Event: 0.034 loading class java/lang/Object done
Event: 0.034 loading class java/lang/String


Dynamic libraries:
0x00007ff75c110000 - 0x00007ff75c11a000 	C:\Program Files\JetBrains\IntelliJ IDEA Community Edition 2022.3.1\jbr\bin\java.exe
0x00007ffac60b0000 - 0x00007ffac62c4000 	C:\WINDOWS\SYSTEM32\ntdll.dll
0x00007ffac5070000 - 0x00007ffac5132000 	C:\WINDOWS\System32\KERNEL32.DLL
0x00007ffac3520000 - 0x00007ffac38c3000 	C:\WINDOWS\System32\KERNELBASE.dll
0x00007ffac3c50000 - 0x00007ffac3d61000 	C:\WINDOWS\System32\ucrtbase.dll
0x00007ffaabfd0000 - 0x00007ffaabfe7000 	C:\Program Files\JetBrains\IntelliJ IDEA Community Edition 2022.3.1\jbr\bin\jli.dll
0x00007ffac58c0000 - 0x00007ffac5a6b000 	C:\WINDOWS\System32\USER32.dll
0x00007ffac3c20000 - 0x00007ffac3c46000 	C:\WINDOWS\System32\win32u.dll
0x00007ffac57b0000 - 0x00007ffac57d9000 	C:\WINDOWS\System32\GDI32.dll
0x00007ffac3990000 - 0x00007ffac3aa9000 	C:\WINDOWS\System32\gdi32full.dll
0x00007ffac3d70000 - 0x00007ffac3e0a000 	C:\WINDOWS\System32\msvcp_win.dll
0x00007ffa9d550000 - 0x00007ffa9d56b000 	C:\Program Files\JetBrains\IntelliJ IDEA Community Edition 2022.3.1\jbr\bin\VCRUNTIME140.dll
0x00007ffab2b40000 - 0x00007ffab2dce000 	C:\WINDOWS\WinSxS\amd64_microsoft.windows.common-controls_6595b64144ccf1df_6.0.22621.1635_none_270f70857386168e\COMCTL32.dll
0x00007ffac4400000 - 0x00007ffac44a7000 	C:\WINDOWS\System32\msvcrt.dll
0x00007ffac5af0000 - 0x00007ffac5b21000 	C:\WINDOWS\System32\IMM32.DLL
0x00007ffabb060000 - 0x00007ffabb06c000 	C:\Program Files\JetBrains\IntelliJ IDEA Community Edition 2022.3.1\jbr\bin\vcruntime140_1.dll
0x00007ffa791e0000 - 0x00007ffa7926d000 	C:\Program Files\JetBrains\IntelliJ IDEA Community Edition 2022.3.1\jbr\bin\msvcp140.dll
0x00007ffa5d550000 - 0x00007ffa5e1bb000 	C:\Program Files\JetBrains\IntelliJ IDEA Community Edition 2022.3.1\jbr\bin\server\jvm.dll
0x00007ffac5da0000 - 0x00007ffac5e4e000 	C:\WINDOWS\System32\ADVAPI32.dll
0x00007ffac5700000 - 0x00007ffac57a4000 	C:\WINDOWS\System32\sechost.dll
0x00007ffac5ee0000 - 0x00007ffac5ff7000 	C:\WINDOWS\System32\RPCRT4.dll
0x00007ffaa1410000 - 0x00007ffaa1419000 	C:\WINDOWS\SYSTEM32\WSOCK32.dll
0x00007ffac5a70000 - 0x00007ffac5ae1000 	C:\WINDOWS\System32\WS2_32.dll
0x00007ffaab430000 - 0x00007ffaab464000 	C:\WINDOWS\SYSTEM32\WINMM.dll
0x00007ffab92e0000 - 0x00007ffab92ea000 	C:\WINDOWS\SYSTEM32\VERSION.dll
0x00007ffac24c0000 - 0x00007ffac24d8000 	C:\WINDOWS\SYSTEM32\kernel.appcore.dll
0x00007ffabab70000 - 0x00007ffabab7a000 	C:\Program Files\JetBrains\IntelliJ IDEA Community Edition 2022.3.1\jbr\bin\jimage.dll
0x00007ffac1000000 - 0x00007ffac122e000 	C:\WINDOWS\SYSTEM32\DBGHELP.DLL
0x00007ffac5370000 - 0x00007ffac56f9000 	C:\WINDOWS\System32\combase.dll
0x00007ffac57e0000 - 0x00007ffac58b7000 	C:\WINDOWS\System32\OLEAUT32.dll
0x00007ffab91d0000 - 0x00007ffab9202000 	C:\WINDOWS\SYSTEM32\dbgcore.DLL
0x00007ffac3e10000 - 0x00007ffac3e8b000 	C:\WINDOWS\System32\bcryptPrimitives.dll
0x00007ffaabf20000 - 0x00007ffaabf45000 	C:\Program Files\JetBrains\IntelliJ IDEA Community Edition 2022.3.1\jbr\bin\java.dll
0x00007ffaabf00000 - 0x00007ffaabf18000 	C:\Program Files\JetBrains\IntelliJ IDEA Community Edition 2022.3.1\jbr\bin\zip.dll

dbghelp: loaded successfully - version: 4.0.5 - missing functions: none
symbol engine: initialized successfully - sym options: 0x614 - pdb path: .;C:\Program Files\JetBrains\IntelliJ IDEA Community Edition 2022.3.1\jbr\bin;C:\WINDOWS\SYSTEM32;C:\WINDOWS\WinSxS\amd64_microsoft.windows.common-controls_6595b64144ccf1df_6.0.22621.1635_none_270f70857386168e;C:\Program Files\JetBrains\IntelliJ IDEA Community Edition 2022.3.1\jbr\bin\server

VM Arguments:
java_command: git4idea.http.GitAskPassApp Username for 'https://github.com': 
java_class_path (initial): C:/Program Files/JetBrains/IntelliJ IDEA Community Edition 2022.3.1/plugins/vcs-git/lib/git4idea-rt.jar;C:/Program Files/JetBrains/IntelliJ IDEA Community Edition 2022.3.1/lib/externalProcess-rt.jar;C:/Program Files/JetBrains/IntelliJ IDEA Community Edition 2022.3.1/lib/app.jar;C:/Program Files/JetBrains/IntelliJ IDEA Community Edition 2022.3.1/lib/3rd-party-rt.jar
Launcher Type: SUN_STANDARD

[Global flags]
     intx CICompilerCount                          = 2                                         {product} {ergonomic}
     uint ConcGCThreads                            = 1                                         {product} {ergonomic}
     uint G1ConcRefinementThreads                  = 2                                         {product} {ergonomic}
   size_t G1HeapRegionSize                         = 2097152                                   {product} {ergonomic}
    uintx GCDrainStackTargetSize                   = 64                                        {product} {ergonomic}
   size_t InitialHeapSize                          = 199229440                                 {product} {ergonomic}
   size_t MarkStackSize                            = 4194304                                   {product} {ergonomic}
   size_t MaxHeapSize                              = 3172990976                                {product} {ergonomic}
   size_t MaxNewSize                               = 1902116864                                {product} {ergonomic}
   size_t MinHeapDeltaBytes                        = 2097152                                   {product} {ergonomic}
   size_t MinHeapSize                              = 8388608                                   {product} {ergonomic}
    uintx NonNMethodCodeHeapSize                   = 5826188                                {pd product} {ergonomic}
    uintx NonProfiledCodeHeapSize                  = 122916026                              {pd product} {ergonomic}
    uintx ProfiledCodeHeapSize                     = 122916026                              {pd product} {ergonomic}
    uintx ReservedCodeCacheSize                    = 251658240                              {pd product} {ergonomic}
     bool SegmentedCodeCache                       = true                                      {product} {ergonomic}
   size_t SoftMaxHeapSize                          = 3172990976                             {manageable} {ergonomic}
     bool UseCompressedClassPointers               = true                           {product lp64_product} {ergonomic}
     bool UseCompressedOops                        = true                           {product lp64_product} {ergonomic}
     bool UseG1GC                                  = true                                      {product} {ergonomic}
     bool UseLargePagesIndividualAllocation        = false                                  {pd product} {ergonomic}

Logging:
Log output configuration:
 #0: stdout all=warning uptime,level,tags
 #1: stderr all=off uptime,level,tags

Environment Variables:
JAVA_HOME=C:\Program Files\Java\jdk-17.0.1
PATH=C:\Users\brupe\AppData\Local\Programs\Git\mingw64\libexec\git-core;C:\Users\brupe\AppData\Local\Programs\Git\mingw64\libexec\git-core;C:\Users\brupe\AppData\Local\Programs\Git\mingw64\bin;C:\Users\brupe\AppData\Local\Programs\Git\usr\bin;C:\Users\brupe\bin;C:\Program Files\Common Files\Oracle\Java\javapath;C:\Program Files\Java\jdk-17.0.1\bin;C:\Program Files\Java\jdk-16.0.1\bin;C:\src\flutter\bin;C:\src\dart-sdk\bin;C:\WINDOWS\system32;C:\WINDOWS;C:\WINDOWS\System32\Wbem;C:\WINDOWS\System32\WindowsPowerShell\v1.0;C:\WINDOWS\System32\OpenSSH;C:\BCC101\bin;C:\src\sdk\tools;C:\src\sdk\emulator;C:\src\sdk\tools\bin;C:\src\sdk\platform-tools;C:\Users\brupe\AppData\Local\Microsoft\WindowsApps;C:\Users\brupe\AppData\Local\Programs\Git\cmd;C:\Users\brupe\AppData\Local\Programs\Microsoft VS Code\bin;C:\Program Files\Java\jdk-17.0.1\bin;C:\src\flutter\bin;C:\src\dart-sdk\bin;C:\src\sdk\tools;C:\src\sdk\emulator;C:\src\sdk\tools\bin;C:\src\sdk\platform-tools;C:\Program Files\Java\jdk-16.0.1\bin
USERNAME=brupe
DISPLAY=:0.0
LC_ALL=en_US.UTF-8
TERM=xterm-256color
TMPDIR=C:\Users\brupe\AppData\Local\Temp
OS=Windows_NT
PROCESSOR_IDENTIFIER=Intel64 Family 6 Model 166 Stepping 0, GenuineIntel
TMP=C:\Users\brupe\AppData\Local\Temp
TEMP=C:\Users\brupe\AppData\Local\Temp



---------------  S Y S T E M  ---------------

OS:
 Windows 11 , 64 bit Build 22621 (10.0.22621.1778)
OS uptime: 2 days 22:46 hours
Hyper-V role detected

CPU: total 2 (initial active 2) (2 cores per cpu, 1 threads per core) family 6 model 166 stepping 0 microcode 0xe0, cx8, cmov, fxsr, mmx, 3dnowpref, sse, sse2, sse3, ssse3, sse4.1, sse4.2, popcnt, lzcnt, tsc, tscinvbit, aes, erms, clmul, clflush, clflushopt, hv

Memory: 4k page, system-wide physical 12102M (942M free)
TotalPageFile size 16102M (AvailPageFile size 3M)
current process WorkingSet (physical memory assigned to process): 13M, peak: 13M
current process commit charge ("private bytes"): 247M, peak: 247M

vm_info: OpenJDK 64-Bit Server VM (17.0.5+1-b653.23) for windows-amd64 JRE (17.0.5+1-b653.23), built on 2022-12-12 by "builduser" with MS VC++ 16.10 / 16.11 (VS2019)

END.
